<?xml version="1.0" encoding="UTF-8"?>
<testng-results ignored="1" total="2" passed="1" failed="0" skipped="0">
  <reporter-output>
  </reporter-output>
  <suite started-at="2023-07-19T01:48:19 IST" name="Suite" finished-at="2023-07-19T01:48:26 IST" duration-ms="6089">
    <groups>
    </groups>
    <test started-at="2023-07-19T01:48:19 IST" name="Test" finished-at="2023-07-19T01:48:26 IST" duration-ms="6089">
      <class name="qa.test.TestCase1">
        <test-method is-config="true" signature="beforeTestMethod()[pri:0, instance:qa.test.TestCase1@7e7be63f]" started-at="2023-07-19T01:48:19 IST" name="beforeTestMethod" finished-at="2023-07-19T01:48:20 IST" duration-ms="200" status="PASS">
          <reporter-output>
          </reporter-output>
        </test-method> <!-- beforeTestMethod -->
        <test-method is-config="true" signature="beforeMethodMethod(java.lang.String,java.lang.reflect.Method)[pri:0, instance:qa.test.TestCase1@7e7be63f]" started-at="2023-07-19T01:48:20 IST" name="beforeMethodMethod" finished-at="2023-07-19T01:48:25 IST" duration-ms="4945" status="PASS">
          <params>
            <param index="0">
              <value>
                <![CDATA[chrome]]>
              </value>
            </param>
            <param index="1">
              <value>
                <![CDATA[public void qa.test.TestCase1.testUploadAnyFile()]]>
              </value>
            </param>
          </params>
          <reporter-output>
          </reporter-output>
        </test-method> <!-- beforeMethodMethod -->
        <test-method signature="testUploadAnyFile()[pri:2, instance:qa.test.TestCase1@7e7be63f]" started-at="2023-07-19T01:48:25 IST" name="testUploadAnyFile" finished-at="2023-07-19T01:48:25 IST" duration-ms="482" status="PASS">
          <reporter-output>
          </reporter-output>
        </test-method> <!-- testUploadAnyFile -->
        <test-method is-config="true" signature="afterMethod(org.testng.ITestResult)[pri:0, instance:qa.test.TestCase1@7e7be63f]" started-at="2023-07-19T01:48:25 IST" name="afterMethod" finished-at="2023-07-19T01:48:25 IST" duration-ms="124" status="PASS">
          <params>
            <param index="0">
              <value>
                <![CDATA[[TestResult name=testUploadAnyFile status=SUCCESS method=TestCase1.testUploadAnyFile()[pri:2, instance:qa.test.TestCase1@7e7be63f] output={null}]]]>
              </value>
            </param>
          </params>
          <reporter-output>
          </reporter-output>
        </test-method> <!-- afterMethod -->
        <test-method is-config="true" signature="afterTest()[pri:0, instance:qa.test.TestCase1@7e7be63f]" started-at="2023-07-19T01:48:25 IST" name="afterTest" finished-at="2023-07-19T01:48:26 IST" duration-ms="314" status="PASS">
          <reporter-output>
          </reporter-output>
        </test-method> <!-- afterTest -->
      </class> <!-- qa.test.TestCase1 -->
    </test> <!-- Test -->
  </suite> <!-- Suite -->
</testng-results>
